"D:/Unreal Projects/Tankogeddon/Content/CSC/Textures/T_ACS18_OcclusionRoughnessMetallic.uasset" 0
"D:/Unreal Projects/Tankogeddon/Content/CSC/Textures/T_ACS18_OcclusionRoughnessMetallic.uexp" 1
"D:/Unreal Projects/Tankogeddon/Content/CSC/Textures/T_ACS18_OcclusionRoughnessMetallic.ubulk" 2
"D:/Unreal Projects/Tankogeddon/Content/CSC/Textures/T_ACS18_Normal.uasset" 3
"D:/Unreal Projects/Tankogeddon/Content/CSC/Textures/T_ACS18_Normal.uexp" 4
"D:/Unreal Projects/Tankogeddon/Content/CSC/Textures/T_ACS18_Normal.ubulk" 5
"D:/Unreal Projects/Tankogeddon/Content/CSC/Textures/T_ACS18_Emissive.uasset" 6
"D:/Unreal Projects/Tankogeddon/Content/CSC/Textures/T_ACS18_Emissive.uexp" 7
"D:/Unreal Projects/Tankogeddon/Content/CSC/Textures/T_ACS18_Emissive.ubulk" 8
"D:/Unreal Projects/Tankogeddon/Content/CSC/Textures/T_ACS18_BaseColor.uasset" 9
"D:/Unreal Projects/Tankogeddon/Content/CSC/Textures/T_ACS18_BaseColor.uexp" 10
"D:/Unreal Projects/Tankogeddon/Content/CSC/Textures/T_ACS18_BaseColor.ubulk" 11
"D:/Unreal Projects/Tankogeddon/Content/CSC/Materials/M_ACS18.uasset" 12
"D:/Unreal Projects/Tankogeddon/Content/CSC/Materials/M_ACS18.uexp" 13
"D:/Unreal Projects/Tankogeddon/Content/CSC/Meshes/SM_CSC_Gun1.uasset" 14
"D:/Unreal Projects/Tankogeddon/Content/CSC/Meshes/SM_CSC_Gun1.uexp" 15
"D:/Unreal Projects/Tankogeddon/Content/CSC/Textures/T_Tower_OcclusionRoughnessMetallic.uasset" 16
"D:/Unreal Projects/Tankogeddon/Content/CSC/Textures/T_Tower_OcclusionRoughnessMetallic.uexp" 17
"D:/Unreal Projects/Tankogeddon/Content/CSC/Textures/T_Tower_OcclusionRoughnessMetallic.ubulk" 18
"D:/Unreal Projects/Tankogeddon/Content/CSC/Textures/T_Tower_Normal.uasset" 19
"D:/Unreal Projects/Tankogeddon/Content/CSC/Textures/T_Tower_Normal.uexp" 20
"D:/Unreal Projects/Tankogeddon/Content/CSC/Textures/T_Tower_Normal.ubulk" 21
"D:/Unreal Projects/Tankogeddon/Content/CSC/Textures/T_Tower_Emissive.uasset" 22
"D:/Unreal Projects/Tankogeddon/Content/CSC/Textures/T_Tower_Emissive.uexp" 23
"D:/Unreal Projects/Tankogeddon/Content/CSC/Textures/T_Tower_Emissive.ubulk" 24
"D:/Unreal Projects/Tankogeddon/Content/CSC/Textures/T_Tower_BaseColor.uasset" 25
"D:/Unreal Projects/Tankogeddon/Content/CSC/Textures/T_Tower_BaseColor.uexp" 26
"D:/Unreal Projects/Tankogeddon/Content/CSC/Textures/T_Tower_BaseColor.ubulk" 27
"D:/Unreal Projects/Tankogeddon/Content/CSC/Materials/M_Tower.uasset" 28
"D:/Unreal Projects/Tankogeddon/Content/CSC/Materials/M_Tower.uexp" 29
"D:/Unreal Projects/Tankogeddon/Content/CSC/Meshes/SM_CSC_Tower1.uasset" 30
"D:/Unreal Projects/Tankogeddon/Content/CSC/Meshes/SM_CSC_Tower1.uexp" 31
"../../../Engine/Content/Functions/Engine_MaterialFunctions01/Opacity/CameraDepthFade.uasset" 32
"../../../Engine/Content/Functions/Engine_MaterialFunctions01/Opacity/CameraDepthFade.uexp" 33
"../../../Engine/Content/EngineMaterials/T_Default_Material_Grid_N.uasset" 34
"../../../Engine/Content/EngineMaterials/T_Default_Material_Grid_N.uexp" 35
"../../../Engine/Content/EngineMaterials/T_Default_Material_Grid_N.ubulk" 36
"../../../Engine/Content/EngineMaterials/T_Default_Material_Grid_M.uasset" 37
"../../../Engine/Content/EngineMaterials/T_Default_Material_Grid_M.uexp" 38
"../../../Engine/Content/EngineMaterials/T_Default_Material_Grid_M.ubulk" 39
"../../../Engine/Content/EngineMaterials/WorldGridMaterial.uasset" 40
"../../../Engine/Content/EngineMaterials/WorldGridMaterial.uexp" 41
"../../../Engine/Content/ArtTools/RenderToTexture/Meshes/S_1_Unit_Plane.uasset" 42
"../../../Engine/Content/ArtTools/RenderToTexture/Meshes/S_1_Unit_Plane.uexp" 43
"../../../Engine/Content/EngineMaterials/DefaultMaterial.uasset" 44
"../../../Engine/Content/EngineMaterials/DefaultMaterial.uexp" 45
"../../../Engine/Content/BasicShapes/Cone.uasset" 46
"../../../Engine/Content/BasicShapes/Cone.uexp" 47
"../../../Engine/Content/BasicShapes/Cube.uasset" 48
"../../../Engine/Content/BasicShapes/Cube.uexp" 49
"../../../Engine/Content/BasicShapes/Plane.uasset" 50
"../../../Engine/Content/BasicShapes/Plane.uexp" 51
"../../../Engine/Content/BasicShapes/Sphere.uasset" 52
"../../../Engine/Content/BasicShapes/Sphere.uexp" 53
"../../../Engine/Content/EditorLandscapeResources/DataLayer.uasset" 54
"../../../Engine/Content/EditorLandscapeResources/DataLayer.uexp" 55
"../../../Engine/Content/EditorLandscapeResources/DefaultAlphaTexture.uasset" 56
"../../../Engine/Content/EditorLandscapeResources/DefaultAlphaTexture.uexp" 57
"../../../Engine/Content/EditorMaterials/MAT_Groups_Toggle.uasset" 58
"../../../Engine/Content/EditorMaterials/MAT_Groups_Toggle.uexp" 59
"../../../Engine/Content/EditorMaterials/MAT_Groups_Visibility.uasset" 60
"../../../Engine/Content/EditorMaterials/MAT_Groups_Visibility.uexp" 61
"../../../Engine/Content/EditorMaterials/PreviewShadowIndicator.uasset" 62
"../../../Engine/Content/EditorMaterials/PreviewShadowIndicator.uexp" 63
"../../../Engine/Content/EditorMaterials/PreviewShadowIndicator.ubulk" 64
"../../../Engine/Content/EditorMaterials/PreviewShadowIndicatorMaterial.uasset" 65
"../../../Engine/Content/EditorMaterials/PreviewShadowIndicatorMaterial.uexp" 66
"../../../Engine/Content/EditorMaterials/MatineeGroups/MAT_ColorTrack.uasset" 67
"../../../Engine/Content/EditorMaterials/MatineeGroups/MAT_ColorTrack.uexp" 68
"../../../Engine/Content/EditorMaterials/MatineeGroups/MAT_Groups_Anim.uasset" 69
"../../../Engine/Content/EditorMaterials/MatineeGroups/MAT_Groups_Anim.uexp" 70
"../../../Engine/Content/EditorMaterials/MatineeGroups/MAT_Groups_AudioMaster.uasset" 71
"../../../Engine/Content/EditorMaterials/MatineeGroups/MAT_Groups_AudioMaster.uexp" 72
"../../../Engine/Content/EditorMaterials/MatineeGroups/MAT_Groups_Director.uasset" 73
"../../../Engine/Content/EditorMaterials/MatineeGroups/MAT_Groups_Director.uexp" 74
"../../../Engine/Content/EditorMaterials/MatineeGroups/MAT_Groups_Event.uasset" 75
"../../../Engine/Content/EditorMaterials/MatineeGroups/MAT_Groups_Event.uexp" 76
"../../../Engine/Content/EditorMaterials/MatineeGroups/MAT_Groups_Fade.uasset" 77
"../../../Engine/Content/EditorMaterials/MatineeGroups/MAT_Groups_Fade.uexp" 78
"../../../Engine/Content/EditorMaterials/MatineeGroups/MAT_Groups_Float.uasset" 79
"../../../Engine/Content/EditorMaterials/MatineeGroups/MAT_Groups_Float.uexp" 80
"../../../Engine/Content/EditorMaterials/MatineeGroups/MAT_Groups_Move.uasset" 81
"../../../Engine/Content/EditorMaterials/MatineeGroups/MAT_Groups_Move.uexp" 82
"../../../Engine/Content/EditorMaterials/MatineeGroups/MAT_Groups_Slomo.uasset" 83
"../../../Engine/Content/EditorMaterials/MatineeGroups/MAT_Groups_Slomo.uexp" 84
"../../../Engine/Content/EditorMaterials/MatineeGroups/MAT_Groups_Sound.uasset" 85
"../../../Engine/Content/EditorMaterials/MatineeGroups/MAT_Groups_Sound.uexp" 86
"../../../Engine/Content/EditorMaterials/MatineeGroups/MAT_Groups_Vector.uasset" 87
"../../../Engine/Content/EditorMaterials/MatineeGroups/MAT_Groups_Vector.uexp" 88
"../../../Engine/Content/EditorMaterials/ParticleSystems/PSysThumbnail_NoImage.uasset" 89
"../../../Engine/Content/EditorMaterials/ParticleSystems/PSysThumbnail_NoImage.uexp" 90
"../../../Engine/Content/EditorMaterials/ParticleSystems/PSysThumbnail_NoImage.ubulk" 91
"../../../Engine/Content/EditorMaterials/ParticleSystems/PSysThumbnail_OOD.uasset" 92
"../../../Engine/Content/EditorMaterials/ParticleSystems/PSysThumbnail_OOD.uexp" 93
"../../../Engine/Content/EditorMaterials/ParticleSystems/PSysThumbnail_OOD.ubulk" 94
"../../../Engine/Content/EditorMaterials/Camera/CineMat.uasset" 95
"../../../Engine/Content/EditorMaterials/Camera/CineMat.uexp" 96
"../../../Engine/Content/EditorMaterials/Camera/MI_CineMat_Rig.uasset" 97
"../../../Engine/Content/EditorMaterials/Camera/MI_CineMat_Rig.uexp" 98
"../../../Engine/Content/EditorMeshes/Camera/SM_CraneRig_Arm.uasset" 99
"../../../Engine/Content/EditorMeshes/Camera/SM_CraneRig_Arm.uexp" 100
"../../../Engine/Content/EditorMeshes/Camera/SM_CraneRig_Base.uasset" 101
"../../../Engine/Content/EditorMeshes/Camera/SM_CraneRig_Base.uexp" 102
"../../../Engine/Content/EditorMeshes/Camera/SM_CraneRig_Body.uasset" 103
"../../../Engine/Content/EditorMeshes/Camera/SM_CraneRig_Body.uexp" 104
"../../../Engine/Content/EditorMeshes/Camera/SM_CraneRig_Mount.uasset" 105
"../../../Engine/Content/EditorMeshes/Camera/SM_CraneRig_Mount.uexp" 106
"../../../Engine/Content/EditorMeshes/Camera/SM_RailRig_Mount.uasset" 107
"../../../Engine/Content/EditorMeshes/Camera/SM_RailRig_Mount.uexp" 108
"../../../Engine/Content/EditorMeshes/Camera/SM_RailRig_Track.uasset" 109
"../../../Engine/Content/EditorMeshes/Camera/SM_RailRig_Track.uexp" 110
"../../../Engine/Content/EditorResources/BSPVertex.uasset" 111
"../../../Engine/Content/EditorResources/BSPVertex.uexp" 112
"../../../Engine/Content/EditorResources/EmptyActor.uasset" 113
"../../../Engine/Content/EditorResources/EmptyActor.uexp" 114
"../../../Engine/Content/EditorResources/S_Actor.uasset" 115
"../../../Engine/Content/EditorResources/S_Actor.uexp" 116
"../../../Engine/Content/EditorResources/S_Actor.ubulk" 117
"../../../Engine/Content/EditorResources/S_Note.uasset" 118
"../../../Engine/Content/EditorResources/S_Note.uexp" 119
"../../../Engine/Content/EditorResources/S_Note.ubulk" 120
"../../../Engine/Content/EditorResources/S_Solver.uasset" 121
"../../../Engine/Content/EditorResources/S_Solver.uexp" 122
"../../../Engine/Content/EditorResources/S_Solver.ubulk" 123
"../../../Engine/Content/EditorResources/S_Terrain.uasset" 124
"../../../Engine/Content/EditorResources/S_Terrain.uexp" 125
"../../../Engine/Content/EditorResources/S_Terrain.ubulk" 126
"../../../Engine/Content/EditorResources/S_Trigger.uasset" 127
"../../../Engine/Content/EditorResources/S_Trigger.uexp" 128
"../../../Engine/Content/EditorResources/S_Trigger.ubulk" 129
"../../../Engine/Content/EditorResources/LightIcons/S_LightError.uasset" 130
"../../../Engine/Content/EditorResources/LightIcons/S_LightError.uexp" 131
"../../../Engine/Content/EditorResources/SequenceRecorder/Countdown.uasset" 132
"../../../Engine/Content/EditorResources/SequenceRecorder/Countdown.uexp" 133
"../../../Engine/Content/EditorResources/SequenceRecorder/RecordingIndicator.uasset" 134
"../../../Engine/Content/EditorResources/SequenceRecorder/RecordingIndicator.uexp" 135
"../../../Engine/Content/EngineDamageTypes/DmgTypeBP_Environmental.uasset" 136
"../../../Engine/Content/EngineDamageTypes/DmgTypeBP_Environmental.uexp" 137
"../../../Engine/Content/EngineDebugMaterials/DebugEditorMaterial.uasset" 138
"../../../Engine/Content/EngineDebugMaterials/DebugEditorMaterial.uexp" 139
"../../../Engine/Content/EngineDebugMaterials/DebugMeshMaterial.uasset" 140
"../../../Engine/Content/EngineDebugMaterials/DebugMeshMaterial.uexp" 141
"../../../Engine/Content/EngineDebugMaterials/M_SimpleUnlitTranslucent.uasset" 142
"../../../Engine/Content/EngineDebugMaterials/M_SimpleUnlitTranslucent.uexp" 143
"../../../Engine/Content/EngineDebugMaterials/VolumeToRender.uasset" 144
"../../../Engine/Content/EngineDebugMaterials/VolumeToRender.uexp" 145
"../../../Engine/Content/Functions/Engine_MaterialFunctions02/Utility/CameraDirectionVector.uasset" 146
"../../../Engine/Content/Functions/Engine_MaterialFunctions02/Utility/CameraDirectionVector.uexp" 147
"../../../Engine/Content/EngineDebugMaterials/M_VolumeRenderSphereTracePP.uasset" 148
"../../../Engine/Content/EngineDebugMaterials/M_VolumeRenderSphereTracePP.uexp" 149
"../../../Engine/Content/Functions/Engine_MaterialFunctions01/Shading/ConvertFromDiffSpec.uasset" 150
"../../../Engine/Content/Functions/Engine_MaterialFunctions01/Shading/ConvertFromDiffSpec.uexp" 151
"../../../Engine/Content/EngineDebugMaterials/VertexColorMaterial.uasset" 152
"../../../Engine/Content/EngineDebugMaterials/VertexColorMaterial.uexp" 153
"../../../Engine/Content/EngineDebugMaterials/WireframeMaterial.uasset" 154
"../../../Engine/Content/EngineDebugMaterials/WireframeMaterial.uexp" 155
"../../../Engine/Content/EngineFonts/Faces/RobotoRegular.uasset" 156
"../../../Engine/Content/EngineFonts/Faces/RobotoRegular.uexp" 157
"../../../Engine/Content/EngineFonts/Faces/RobotoRegular.ufont" 158
"../../../Engine/Content/EngineFonts/Faces/RobotoLight.uasset" 159
"../../../Engine/Content/EngineFonts/Faces/RobotoLight.uexp" 160
"../../../Engine/Content/EngineFonts/Faces/RobotoLight.ufont" 161
"../../../Engine/Content/EngineFonts/Faces/RobotoItalic.uasset" 162
"../../../Engine/Content/EngineFonts/Faces/RobotoItalic.uexp" 163
"../../../Engine/Content/EngineFonts/Faces/RobotoItalic.ufont" 164
"../../../Engine/Content/EngineFonts/Faces/RobotoBoldItalic.uasset" 165
"../../../Engine/Content/EngineFonts/Faces/RobotoBoldItalic.uexp" 166
"../../../Engine/Content/EngineFonts/Faces/RobotoBoldItalic.ufont" 167
"../../../Engine/Content/EngineFonts/Faces/RobotoBold.uasset" 168
"../../../Engine/Content/EngineFonts/Faces/RobotoBold.uexp" 169
"../../../Engine/Content/EngineFonts/Faces/RobotoBold.ufont" 170
"../../../Engine/Content/EngineFonts/Faces/DroidSansFallback.uasset" 171
"../../../Engine/Content/EngineFonts/Faces/DroidSansFallback.uexp" 172
"../../../Engine/Content/EngineFonts/Faces/DroidSansFallback.ufont" 173
"../../../Engine/Content/EngineFonts/Roboto.uasset" 174
"../../../Engine/Content/EngineFonts/Roboto.uexp" 175
"../../../Engine/Content/EngineMaterials/BaseFlattenNormalMap.uasset" 176
"../../../Engine/Content/EngineMaterials/BaseFlattenNormalMap.uexp" 177
"../../../Engine/Content/EngineMaterials/BaseFlattenGrayscaleMap.uasset" 178
"../../../Engine/Content/EngineMaterials/BaseFlattenGrayscaleMap.uexp" 179
"../../../Engine/Content/EngineMaterials/BaseFlattenEmissiveMap.uasset" 180
"../../../Engine/Content/EngineMaterials/BaseFlattenEmissiveMap.uexp" 181
"../../../Engine/Content/EngineMaterials/BaseFlattenDiffuseMap.uasset" 182
"../../../Engine/Content/EngineMaterials/BaseFlattenDiffuseMap.uexp" 183
"../../../Engine/Content/EngineMaterials/BaseFlattenMaterial.uasset" 184
"../../../Engine/Content/EngineMaterials/BaseFlattenMaterial.uexp" 185
"../../../Engine/Content/EngineMaterials/BlueNoise.uasset" 186
"../../../Engine/Content/EngineMaterials/BlueNoise.uexp" 187
"../../../Engine/Content/EngineMaterials/DefaultBloomKernel.uasset" 188
"../../../Engine/Content/EngineMaterials/DefaultBloomKernel.uexp" 189
"../../../Engine/Content/EngineMaterials/DefaultBokeh.uasset" 190
"../../../Engine/Content/EngineMaterials/DefaultBokeh.uexp" 191
"../../../Engine/Content/EngineMaterials/DefaultDiffuse.uasset" 192
"../../../Engine/Content/EngineMaterials/DefaultDiffuse.uexp" 193
"../../../Engine/Content/EngineMaterials/DefaultDiffuse.ubulk" 194
"../../../Engine/Content/EngineMaterials/DefaultDeferredDecalMaterial.uasset" 195
"../../../Engine/Content/EngineMaterials/DefaultDeferredDecalMaterial.uexp" 196
"../../../Engine/Content/EngineMaterials/DefaultLightFunctionMaterial.uasset" 197
"../../../Engine/Content/EngineMaterials/DefaultLightFunctionMaterial.uexp" 198
"../../../Engine/Content/EngineMaterials/DefaultPhysicalMaterial.uasset" 199
"../../../Engine/Content/EngineMaterials/DefaultPhysicalMaterial.uexp" 200
"../../../Engine/Content/Functions/Engine_MaterialFunctions02/Utility/BreakOutFloat2Components.uasset" 201
"../../../Engine/Content/Functions/Engine_MaterialFunctions02/Utility/BreakOutFloat2Components.uexp" 202
"../../../Engine/Content/EngineMaterials/DefaultPostProcessMaterial.uasset" 203
"../../../Engine/Content/EngineMaterials/DefaultPostProcessMaterial.uexp" 204
"../../../Engine/Content/EngineFonts/RobotoDistanceField.uasset" 205
"../../../Engine/Content/EngineFonts/RobotoDistanceField.uexp" 206
"../../../Engine/Content/EngineMaterials/DefaultTextMaterialOpaque.uasset" 207
"../../../Engine/Content/EngineMaterials/DefaultTextMaterialOpaque.uexp" 208
"../../../Engine/Content/EngineMaterials/DefaultWhiteGrid.uasset" 209
"../../../Engine/Content/EngineMaterials/DefaultWhiteGrid.uexp" 210
"../../../Engine/Content/EngineMaterials/DefaultWhiteGrid.ubulk" 211
"../../../Engine/Content/EngineMaterials/DefaultWhiteGrid_Low.uasset" 212
"../../../Engine/Content/EngineMaterials/DefaultWhiteGrid_Low.uexp" 213
"../../../Engine/Content/EngineMaterials/EmissiveMeshMaterial.uasset" 214
"../../../Engine/Content/EngineMaterials/EmissiveMeshMaterial.uexp" 215
"../../../Engine/Content/EngineMaterials/GizmoMaterial.uasset" 216
"../../../Engine/Content/EngineMaterials/GizmoMaterial.uexp" 217
"../../../Engine/Content/EngineMaterials/Good64x64TilingNoiseHighFreq.uasset" 218
"../../../Engine/Content/EngineMaterials/Good64x64TilingNoiseHighFreq.uexp" 219
"../../../Engine/Content/EngineMaterials/MiniFont.uasset" 220
"../../../Engine/Content/EngineMaterials/MiniFont.uexp" 221
"../../../Engine/Content/EngineMaterials/InvalidLightmapSettings.uasset" 222
"../../../Engine/Content/EngineMaterials/InvalidLightmapSettings.uexp" 223
"../../../Engine/Content/EngineMaterials/InvalidLightmapSettings.ubulk" 224
"../../../Engine/Content/EngineMaterials/M_InvalidLightmapSettings.uasset" 225
"../../../Engine/Content/EngineMaterials/M_InvalidLightmapSettings.uexp" 226
"../../../Engine/Content/Functions/Engine_MaterialFunctions02/WorldPositionOffset/CameraOffset.uasset" 227
"../../../Engine/Content/Functions/Engine_MaterialFunctions02/WorldPositionOffset/CameraOffset.uexp" 228
"../../../Engine/Content/EngineMaterials/PhAT_JointLimitMaterial.uasset" 229
"../../../Engine/Content/EngineMaterials/PhAT_JointLimitMaterial.uexp" 230
"../../../Engine/Content/EngineMaterials/DefaultCalibrationColor.uasset" 231
"../../../Engine/Content/EngineMaterials/DefaultCalibrationColor.uexp" 232
"../../../Engine/Content/EngineMaterials/PPM_DefaultCalibrationColor.uasset" 233
"../../../Engine/Content/EngineMaterials/PPM_DefaultCalibrationColor.uexp" 234
"../../../Engine/Content/EngineMaterials/DefaultCalibrationGrayscale.uasset" 235
"../../../Engine/Content/EngineMaterials/DefaultCalibrationGrayscale.uexp" 236
"../../../Engine/Content/EngineMaterials/PPM_DefaultCalibrationGrayscale.uasset" 237
"../../../Engine/Content/EngineMaterials/PPM_DefaultCalibrationGrayscale.uexp" 238
"../../../Engine/Content/EngineMaterials/PreintegratedSkinBRDF.uasset" 239
"../../../Engine/Content/EngineMaterials/PreintegratedSkinBRDF.uexp" 240
"../../../Engine/Content/EngineMaterials/RemoveSurfaceMaterial.uasset" 241
"../../../Engine/Content/EngineMaterials/RemoveSurfaceMaterial.uexp" 242
"../../../Engine/Content/EngineMaterials/WeightMapPlaceholderTexture.uasset" 243
"../../../Engine/Content/EngineMaterials/WeightMapPlaceholderTexture.uexp" 244
"../../../Engine/Content/EngineResources/WhiteSquareTexture.uasset" 245
"../../../Engine/Content/EngineResources/WhiteSquareTexture.uexp" 246
"../../../Engine/Content/EngineMaterials/Widget3DPassThrough.uasset" 247
"../../../Engine/Content/EngineMaterials/Widget3DPassThrough.uexp" 248
"../../../Engine/Content/EngineMaterials/Widget3DPassThrough_Masked.uasset" 249
"../../../Engine/Content/EngineMaterials/Widget3DPassThrough_Masked.uexp" 250
"../../../Engine/Content/EngineMaterials/Widget3DPassThrough_Opaque.uasset" 251
"../../../Engine/Content/EngineMaterials/Widget3DPassThrough_Opaque.uexp" 252
"../../../Engine/Content/EngineMaterials/Widget3DPassThrough_Masked_OneSided.uasset" 253
"../../../Engine/Content/EngineMaterials/Widget3DPassThrough_Masked_OneSided.uexp" 254
"../../../Engine/Content/EngineMaterials/Widget3DPassThrough_Opaque_OneSided.uasset" 255
"../../../Engine/Content/EngineMaterials/Widget3DPassThrough_Opaque_OneSided.uexp" 256
"../../../Engine/Content/EngineMaterials/Widget3DPassThrough_Translucent.uasset" 257
"../../../Engine/Content/EngineMaterials/Widget3DPassThrough_Translucent.uexp" 258
"../../../Engine/Content/EngineMaterials/Widget3DPassThrough_Translucent_OneSided.uasset" 259
"../../../Engine/Content/EngineMaterials/Widget3DPassThrough_Translucent_OneSided.uexp" 260
"../../../Engine/Content/EngineMeshes/Cube.uasset" 261
"../../../Engine/Content/EngineMeshes/Cube.uexp" 262
"../../../Engine/Content/EngineMeshes/Cylinder.uasset" 263
"../../../Engine/Content/EngineMeshes/Cylinder.uexp" 264
"../../../Engine/Content/EngineMeshes/Sphere.uasset" 265
"../../../Engine/Content/EngineMeshes/Sphere.uexp" 266
"../../../Engine/Content/EngineResources/DefaultTexture.uasset" 267
"../../../Engine/Content/EngineResources/DefaultTexture.uexp" 268
"../../../Engine/Content/EngineResources/DefaultTexture.ubulk" 269
"../../../Engine/Content/EngineResources/DefaultTextureCube.uasset" 270
"../../../Engine/Content/EngineResources/DefaultTextureCube.uexp" 271
"../../../Engine/Content/EngineResources/DefaultVolumeTexture2D.uasset" 272
"../../../Engine/Content/EngineResources/DefaultVolumeTexture2D.uexp" 273
"../../../Engine/Content/EngineResources/DefaultVolumeTexture.uasset" 274
"../../../Engine/Content/EngineResources/DefaultVolumeTexture.uexp" 275
"../../../Engine/Content/EngineResources/GradientTexture0.uasset" 276
"../../../Engine/Content/EngineResources/GradientTexture0.uexp" 277
"../../../Engine/Content/EngineSky/VolumetricClouds/T_NoiseShape64.uasset" 278
"../../../Engine/Content/EngineSky/VolumetricClouds/T_NoiseShape64.uexp" 279
"../../../Engine/Content/EngineSky/VolumetricClouds/T_NoiseShape64.ubulk" 280
"../../../Engine/Content/EngineSky/VolumetricClouds/T_VolumeNoiseShape64.uasset" 281
"../../../Engine/Content/EngineSky/VolumetricClouds/T_VolumeNoiseShape64.uexp" 282
"../../../Engine/Content/EngineSky/VolumetricClouds/T_NoiseErosion.uasset" 283
"../../../Engine/Content/EngineSky/VolumetricClouds/T_NoiseErosion.uexp" 284
"../../../Engine/Content/EngineSky/VolumetricClouds/T_NoiseErosion.ubulk" 285
"../../../Engine/Content/EngineSky/VolumetricClouds/T_VolumeNoiseErosion32.uasset" 286
"../../../Engine/Content/EngineSky/VolumetricClouds/T_VolumeNoiseErosion32.uexp" 287
"../../../Engine/Content/EngineSky/VolumetricClouds/CloudWeatherTexture.uasset" 288
"../../../Engine/Content/EngineSky/VolumetricClouds/CloudWeatherTexture.uexp" 289
"../../../Engine/Content/EngineSky/VolumetricClouds/CloudGradientTexture.uasset" 290
"../../../Engine/Content/EngineSky/VolumetricClouds/CloudGradientTexture.uexp" 291
"../../../Engine/Content/Functions/Engine_MaterialFunctions02/Utility/MakeFloat2.uasset" 292
"../../../Engine/Content/Functions/Engine_MaterialFunctions02/Utility/MakeFloat2.uexp" 293
"../../../Engine/Content/EngineSky/VolumetricClouds/m_SimpleVolumetricCloud.uasset" 294
"../../../Engine/Content/EngineSky/VolumetricClouds/m_SimpleVolumetricCloud.uexp" 295
"../../../Engine/Content/EngineSky/VolumetricClouds/m_SimpleVolumetricCloud_Inst.uasset" 296
"../../../Engine/Content/EngineSky/VolumetricClouds/m_SimpleVolumetricCloud_Inst.uexp" 297
"../../../Engine/Content/EngineSounds/Master.uasset" 298
"../../../Engine/Content/EngineSounds/Master.uexp" 299
"../../../Engine/Content/Functions/Engine_MaterialFunctions01/Shading/PowerToRoughness.uasset" 300
"../../../Engine/Content/Functions/Engine_MaterialFunctions01/Shading/PowerToRoughness.uexp" 301
"../../../Engine/Content/Maps/Templates/Thumbnails/Default.uasset" 302
"../../../Engine/Content/Maps/Templates/Thumbnails/Default.uexp" 303
"../../../Engine/Content/Maps/Templates/Thumbnails/TimeOfDay.uasset" 304
"../../../Engine/Content/Maps/Templates/Thumbnails/TimeOfDay.uexp" 305
"../../../Engine/Content/Maps/Templates/Thumbnails/VR-Basic.uasset" 306
"../../../Engine/Content/Maps/Templates/Thumbnails/VR-Basic.uexp" 307
"../../../Engine/Content/MobileResources/T_MobileControls_texture.uasset" 308
"../../../Engine/Content/MobileResources/T_MobileControls_texture.uexp" 309
"../../../Engine/Content/MobileResources/T_MobileMenu2.uasset" 310
"../../../Engine/Content/MobileResources/T_MobileMenu2.uexp" 311
"../../../Engine/Content/MobileResources/HUD/AnalogHat.uasset" 312
"../../../Engine/Content/MobileResources/HUD/AnalogHat.uexp" 313
"../../../Engine/Content/MobileResources/HUD/VirtualJoystick_Thumb.uasset" 314
"../../../Engine/Content/MobileResources/HUD/VirtualJoystick_Thumb.uexp" 315
"../../../Engine/Content/MobileResources/HUD/VirtualJoystick_Background.uasset" 316
"../../../Engine/Content/MobileResources/HUD/VirtualJoystick_Background.uexp" 317
"../../../Engine/Content/MobileResources/HUD/DefaultVirtualJoysticks.uasset" 318
"../../../Engine/Content/MobileResources/HUD/DefaultVirtualJoysticks.uexp" 319
"../../../Engine/Content/MobileResources/HUD/LeftVirtualJoystickOnly.uasset" 320
"../../../Engine/Content/MobileResources/HUD/LeftVirtualJoystickOnly.uexp" 321
"../../../Engine/Content/MobileResources/HUD/MobileHUDButton1_off.uasset" 322
"../../../Engine/Content/MobileResources/HUD/MobileHUDButton1_off.uexp" 323
"../../../Engine/Content/MobileResources/HUD/MobileHUDButton1_on.uasset" 324
"../../../Engine/Content/MobileResources/HUD/MobileHUDButton1_on.uexp" 325
"../../../Engine/Content/MobileResources/HUD/MobileHUDButton2_off.uasset" 326
"../../../Engine/Content/MobileResources/HUD/MobileHUDButton2_off.uexp" 327
"../../../Engine/Content/MobileResources/HUD/MobileHUDButton2_on.uasset" 328
"../../../Engine/Content/MobileResources/HUD/MobileHUDButton2_on.uexp" 329
"../../../Engine/Content/MobileResources/HUD/MobileHUDButton3.uasset" 330
"../../../Engine/Content/MobileResources/HUD/MobileHUDButton3.uexp" 331
"../../../Engine/Content/MobileResources/HUD/MobileHUDButtonFire.uasset" 332
"../../../Engine/Content/MobileResources/HUD/MobileHUDButtonFire.uexp" 333
"../../../Engine/Content/MobileResources/HUD/MobileHUDDirectionPad.uasset" 334
"../../../Engine/Content/MobileResources/HUD/MobileHUDDirectionPad.uexp" 335
"../../../Engine/Content/MobileResources/HUD/MobileHUDDirectionPad2.uasset" 336
"../../../Engine/Content/MobileResources/HUD/MobileHUDDirectionPad2.uexp" 337
"../../../Engine/Content/MobileResources/HUD/MobileHUDDirectionPad3.uasset" 338
"../../../Engine/Content/MobileResources/HUD/MobileHUDDirectionPad3.uexp" 339
"../../../Engine/Content/MobileResources/HUD/MobileHUDDirectionStick.uasset" 340
"../../../Engine/Content/MobileResources/HUD/MobileHUDDirectionStick.uexp" 341
"../../../Engine/Content/MobileResources/HUD/T_Castle_ThumbstickInner.uasset" 342
"../../../Engine/Content/MobileResources/HUD/T_Castle_ThumbstickInner.uexp" 343
"../../../Engine/Content/MobileResources/HUD/T_Castle_ThumbstickOutter.uasset" 344
"../../../Engine/Content/MobileResources/HUD/T_Castle_ThumbstickOutter.uexp" 345
"../../../Engine/Content/Tutorial/ContentIntroCurve.uasset" 346
"../../../Engine/Content/Tutorial/ContentIntroCurve.uexp" 347
"../../../Engine/Content/Tutorial/Basics/TutorialAssets/icon_tab_Levels_40x.uasset" 348
"../../../Engine/Content/Tutorial/Basics/TutorialAssets/icon_tab_Levels_40x.uexp" 349
"../../../Engine/Content/Tutorial/BlueprintTutorials/TutorialAssets/Blueprint_64x.uasset" 350
"../../../Engine/Content/Tutorial/BlueprintTutorials/TutorialAssets/Blueprint_64x.uexp" 351
"../../../Engine/Content/VREditor/TransformGizmo/TranslucentTransformGizmoMaterial.uasset" 352
"../../../Engine/Content/VREditor/TransformGizmo/TranslucentTransformGizmoMaterial.uexp" 353
"../../../Engine/Content/VREditor/LaserPointer/VR_LaserPower_01.uasset" 354
"../../../Engine/Content/VREditor/LaserPointer/VR_LaserPower_01.uexp" 355
"../../../Engine/Content/VREditor/LaserPointer/VR_LaserPower_01.ubulk" 356
"../../../Engine/Content/VREditor/TransformGizmo/TransformGizmoMaterial.uasset" 357
"../../../Engine/Content/VREditor/TransformGizmo/TransformGizmoMaterial.uexp" 358
"../../../Engine/Content/VREditor/TransformGizmo/BoundingBoxCorner.uasset" 359
"../../../Engine/Content/VREditor/TransformGizmo/BoundingBoxCorner.uexp" 360
"../../../Engine/Content/VREditor/TransformGizmo/BoundingBoxEdge.uasset" 361
"../../../Engine/Content/VREditor/TransformGizmo/BoundingBoxEdge.uexp" 362
"../../../Engine/Content/VREditor/TransformGizmo/PlaneTranslationHandle.uasset" 363
"../../../Engine/Content/VREditor/TransformGizmo/PlaneTranslationHandle.uexp" 364
"../../../Engine/Content/VREditor/TransformGizmo/Xray.uasset" 365
"../../../Engine/Content/VREditor/TransformGizmo/Xray.uexp" 366
"../../../Engine/Content/VREditor/TransformGizmo/Main.uasset" 367
"../../../Engine/Content/VREditor/TransformGizmo/Main.uexp" 368
"../../../Engine/Content/VREditor/TransformGizmo/SM_Sequencer_Key.uasset" 369
"../../../Engine/Content/VREditor/TransformGizmo/SM_Sequencer_Key.uexp" 370
"../../../Engine/Content/VREditor/TransformGizmo/SM_Sequencer_Node.uasset" 371
"../../../Engine/Content/VREditor/TransformGizmo/SM_Sequencer_Node.uexp" 372
"../../../Engine/Plugins/2D/Paper2D/Content/PlaceholderTextures/DummySpriteTexture.uasset" 373
"../../../Engine/Plugins/2D/Paper2D/Content/PlaceholderTextures/DummySpriteTexture.uexp" 374
"../../../Engine/Plugins/2D/Paper2D/Content/PlaceholderTextures/DummySpriteTexture.ubulk" 375
"../../../Engine/Plugins/2D/Paper2D/Content/DummySprite.uasset" 376
"../../../Engine/Plugins/2D/Paper2D/Content/DummySprite.uexp" 377
"../../../Engine/Plugins/2D/Paper2D/Content/DefaultPaperTerrainMaterial.uasset" 378
"../../../Engine/Plugins/2D/Paper2D/Content/DefaultPaperTerrainMaterial.uexp" 379
"../../../Engine/Plugins/2D/Paper2D/Content/DefaultSpriteMaterial.uasset" 380
"../../../Engine/Plugins/2D/Paper2D/Content/DefaultSpriteMaterial.uexp" 381
"../../../Engine/Plugins/2D/Paper2D/Content/MaskedUnlitSpriteMaterial.uasset" 382
"../../../Engine/Plugins/2D/Paper2D/Content/MaskedUnlitSpriteMaterial.uexp" 383
"../../../Engine/Plugins/2D/Paper2D/Content/OpaqueUnlitSpriteMaterial.uasset" 384
"../../../Engine/Plugins/2D/Paper2D/Content/OpaqueUnlitSpriteMaterial.uexp" 385
"../../../Engine/Content/Functions/Engine_MaterialFunctions02/Utility/VectorLength.uasset" 386
"../../../Engine/Content/Functions/Engine_MaterialFunctions02/Utility/VectorLength.uexp" 387
"../../../Engine/Content/Functions/Engine_MaterialFunctions02/ObjectLocalBounds.uasset" 388
"../../../Engine/Content/Functions/Engine_MaterialFunctions02/ObjectLocalBounds.uexp" 389
"../../../Engine/Content/Functions/Engine_MaterialFunctions02/WorldPositionOffset/ObjectScale.uasset" 390
"../../../Engine/Content/Functions/Engine_MaterialFunctions02/WorldPositionOffset/ObjectScale.uexp" 391
"../../../Engine/Content/Functions/Engine_MaterialFunctions02/Utility/BreakOutFloat3Components.uasset" 392
"../../../Engine/Content/Functions/Engine_MaterialFunctions02/Utility/BreakOutFloat3Components.uexp" 393
"../../../Engine/Plugins/Editor/SpeedTreeImporter/Content/SpeedTree9/UnpackInteger3.uasset" 394
"../../../Engine/Plugins/Editor/SpeedTreeImporter/Content/SpeedTree9/UnpackInteger3.uexp" 395
"../../../Engine/Plugins/Editor/SpeedTreeImporter/Content/SpeedTree9/UnpackDirection.uasset" 396
"../../../Engine/Plugins/Editor/SpeedTreeImporter/Content/SpeedTree9/UnpackDirection.uexp" 397
"../../../Engine/Plugins/Editor/SpeedTreeImporter/Content/SpeedTree9/game_wind_noise.uasset" 398
"../../../Engine/Plugins/Editor/SpeedTreeImporter/Content/SpeedTree9/game_wind_noise.uexp" 399
"../../../Engine/Plugins/Editor/SpeedTreeImporter/Content/SpeedTree9/game_wind_noise.ubulk" 400
"../../../Engine/Content/Functions/Engine_MaterialFunctions02/SafeNormalize.uasset" 401
"../../../Engine/Content/Functions/Engine_MaterialFunctions02/SafeNormalize.uexp" 402
"../../../Engine/Plugins/Editor/SpeedTreeImporter/Content/SpeedTree9/SpeedTreeWindMotion.uasset" 403
"../../../Engine/Plugins/Editor/SpeedTreeImporter/Content/SpeedTree9/SpeedTreeWindMotion.uexp" 404
"../../../Engine/Plugins/Editor/SpeedTreeImporter/Content/SpeedTree9/SpeedTreeBranchMotion.uasset" 405
"../../../Engine/Plugins/Editor/SpeedTreeImporter/Content/SpeedTree9/SpeedTreeBranchMotion.uexp" 406
"../../../Engine/Content/Functions/Engine_MaterialFunctions02/UVs/BoundingBoxBased_0-1_UVW.uasset" 407
"../../../Engine/Content/Functions/Engine_MaterialFunctions02/UVs/BoundingBoxBased_0-1_UVW.uexp" 408
"../../../Engine/Plugins/Editor/SpeedTreeImporter/Content/SpeedTree9/SpeedTreeWind.uasset" 409
"../../../Engine/Plugins/Editor/SpeedTreeImporter/Content/SpeedTree9/SpeedTreeWind.uexp" 410
"../../../Engine/Plugins/Editor/SpeedTreeImporter/Content/SpeedTree9/SpeedTreeBillboard.uasset" 411
"../../../Engine/Plugins/Editor/SpeedTreeImporter/Content/SpeedTree9/SpeedTreeBillboard.uexp" 412
"../../../Engine/Plugins/Editor/SpeedTreeImporter/Content/SpeedTree9/EmptyNormal.uasset" 413
"../../../Engine/Plugins/Editor/SpeedTreeImporter/Content/SpeedTree9/EmptyNormal.uexp" 414
"../../../Engine/Plugins/Editor/SpeedTreeImporter/Content/SpeedTree9/Empty.uasset" 415
"../../../Engine/Plugins/Editor/SpeedTreeImporter/Content/SpeedTree9/Empty.uexp" 416
"../../../Engine/Plugins/Editor/SpeedTreeImporter/Content/SpeedTree9/SpeedTreeBillboardMaster.uasset" 417
"../../../Engine/Plugins/Editor/SpeedTreeImporter/Content/SpeedTree9/SpeedTreeBillboardMaster.uexp" 418
"../../../Engine/Plugins/Editor/SpeedTreeImporter/Content/SpeedTree9/SpeedTreeCameraFacing.uasset" 419
"../../../Engine/Plugins/Editor/SpeedTreeImporter/Content/SpeedTree9/SpeedTreeCameraFacing.uexp" 420
"../../../Engine/Plugins/Editor/SpeedTreeImporter/Content/SpeedTree9/SpeedTreeMaster.uasset" 421
"../../../Engine/Plugins/Editor/SpeedTreeImporter/Content/SpeedTree9/SpeedTreeMaster.uexp" 422
"../../../Engine/Content/ArtTools/RenderToTexture/Materials/Debug/M_Emissive_Color.uasset" 423
"../../../Engine/Content/ArtTools/RenderToTexture/Materials/Debug/M_Emissive_Color.uexp" 424
"../../../Engine/Content/BasicShapes/Cylinder.uasset" 425
"../../../Engine/Content/BasicShapes/Cylinder.uexp" 426
"../../../Engine/Plugins/Lumin/MagicLeapPassableWorld/Content/MagicLeapARPinInfoActor.uasset" 427
"../../../Engine/Plugins/Lumin/MagicLeapPassableWorld/Content/MagicLeapARPinInfoActor.uexp" 428
"../../../Engine/Plugins/Runtime/OpenXR/Content/Devices/GoogleDaydream/MRTexture.uasset" 429
"../../../Engine/Plugins/Runtime/OpenXR/Content/Devices/GoogleDaydream/MRTexture.uexp" 430
"../../../Engine/Plugins/Runtime/OpenXR/Content/Devices/GoogleDaydream/MRTexture.ubulk" 431
"../../../Engine/Plugins/Runtime/OpenXR/Content/Devices/GoogleDaydream/BaseTexture.uasset" 432
"../../../Engine/Plugins/Runtime/OpenXR/Content/Devices/GoogleDaydream/BaseTexture.uexp" 433
"../../../Engine/Plugins/Runtime/OpenXR/Content/Devices/GoogleDaydream/BaseTexture.ubulk" 434
"../../../Engine/Content/EngineResources/Black.uasset" 435
"../../../Engine/Content/EngineResources/Black.uexp" 436
"../../../Engine/Plugins/Runtime/OpenXR/Content/Devices/M_XRController.uasset" 437
"../../../Engine/Plugins/Runtime/OpenXR/Content/Devices/M_XRController.uexp" 438
"../../../Engine/Plugins/Runtime/OpenXR/Content/Devices/GoogleDaydream/MI_GoogleDaydream.uasset" 439
"../../../Engine/Plugins/Runtime/OpenXR/Content/Devices/GoogleDaydream/MI_GoogleDaydream.uexp" 440
"../../../Engine/Plugins/Runtime/OpenXR/Content/Devices/GoogleDaydream/GoogleDaydreamController.uasset" 441
"../../../Engine/Plugins/Runtime/OpenXR/Content/Devices/GoogleDaydream/GoogleDaydreamController.uexp" 442
"../../../Engine/Plugins/Runtime/OpenXR/Content/Devices/HTCVive/BaseTexture.uasset" 443
"../../../Engine/Plugins/Runtime/OpenXR/Content/Devices/HTCVive/BaseTexture.uexp" 444
"../../../Engine/Plugins/Runtime/OpenXR/Content/Devices/HTCVive/BaseTexture.ubulk" 445
"../../../Engine/Plugins/Runtime/OpenXR/Content/Devices/HTCVive/MI_HTCVive.uasset" 446
"../../../Engine/Plugins/Runtime/OpenXR/Content/Devices/HTCVive/MI_HTCVive.uexp" 447
"../../../Engine/Plugins/Runtime/OpenXR/Content/Devices/HTCVive/HTCViveController.uasset" 448
"../../../Engine/Plugins/Runtime/OpenXR/Content/Devices/HTCVive/HTCViveController.uexp" 449
"../../../Engine/Plugins/Runtime/OpenXR/Content/Devices/MicrosoftMixedReality/NormalTexture.uasset" 450
"../../../Engine/Plugins/Runtime/OpenXR/Content/Devices/MicrosoftMixedReality/NormalTexture.uexp" 451
"../../../Engine/Plugins/Runtime/OpenXR/Content/Devices/MicrosoftMixedReality/NormalTexture.ubulk" 452
"../../../Engine/Plugins/Runtime/OpenXR/Content/Devices/MicrosoftMixedReality/MRTexture.uasset" 453
"../../../Engine/Plugins/Runtime/OpenXR/Content/Devices/MicrosoftMixedReality/MRTexture.uexp" 454
"../../../Engine/Plugins/Runtime/OpenXR/Content/Devices/MicrosoftMixedReality/MRTexture.ubulk" 455
"../../../Engine/Plugins/Runtime/OpenXR/Content/Devices/MicrosoftMixedReality/EmissiveTexture.uasset" 456
"../../../Engine/Plugins/Runtime/OpenXR/Content/Devices/MicrosoftMixedReality/EmissiveTexture.uexp" 457
"../../../Engine/Plugins/Runtime/OpenXR/Content/Devices/MicrosoftMixedReality/EmissiveTexture.ubulk" 458
"../../../Engine/Plugins/Runtime/OpenXR/Content/Devices/MicrosoftMixedReality/BaseTexture.uasset" 459
"../../../Engine/Plugins/Runtime/OpenXR/Content/Devices/MicrosoftMixedReality/BaseTexture.uexp" 460
"../../../Engine/Plugins/Runtime/OpenXR/Content/Devices/MicrosoftMixedReality/BaseTexture.ubulk" 461
"../../../Engine/Plugins/Runtime/OpenXR/Content/Devices/MicrosoftMixedReality/MI_MicrosoftMixedReality.uasset" 462
"../../../Engine/Plugins/Runtime/OpenXR/Content/Devices/MicrosoftMixedReality/MI_MicrosoftMixedReality.uexp" 463
"../../../Engine/Plugins/Runtime/OpenXR/Content/Devices/MicrosoftMixedReality/Left/left_MicrosoftMixedRealityController.uasset" 464
"../../../Engine/Plugins/Runtime/OpenXR/Content/Devices/MicrosoftMixedReality/Left/left_MicrosoftMixedRealityController.uexp" 465
"../../../Engine/Plugins/Runtime/OpenXR/Content/Devices/MicrosoftMixedReality/Right/right_MicrosoftMixedRealityController.uasset" 466
"../../../Engine/Plugins/Runtime/OpenXR/Content/Devices/MicrosoftMixedReality/Right/right_MicrosoftMixedRealityController.uexp" 467
"../../../Engine/Plugins/Runtime/OpenXR/Content/Devices/OculusGo/BaseTexture.uasset" 468
"../../../Engine/Plugins/Runtime/OpenXR/Content/Devices/OculusGo/BaseTexture.uexp" 469
"../../../Engine/Plugins/Runtime/OpenXR/Content/Devices/OculusGo/BaseTexture.ubulk" 470
"../../../Engine/Plugins/Runtime/OpenXR/Content/Devices/OculusGo/MI_OculusGo.uasset" 471
"../../../Engine/Plugins/Runtime/OpenXR/Content/Devices/OculusGo/MI_OculusGo.uexp" 472
"../../../Engine/Plugins/Runtime/OpenXR/Content/Devices/OculusGo/OculusGoController.uasset" 473
"../../../Engine/Plugins/Runtime/OpenXR/Content/Devices/OculusGo/OculusGoController.uexp" 474
"../../../Engine/Plugins/Runtime/OpenXR/Content/Devices/OculusTouch/MRTexture.uasset" 475
"../../../Engine/Plugins/Runtime/OpenXR/Content/Devices/OculusTouch/MRTexture.uexp" 476
"../../../Engine/Plugins/Runtime/OpenXR/Content/Devices/OculusTouch/MRTexture.ubulk" 477
"../../../Engine/Plugins/Runtime/OpenXR/Content/Devices/OculusTouch/BaseTexture.uasset" 478
"../../../Engine/Plugins/Runtime/OpenXR/Content/Devices/OculusTouch/BaseTexture.uexp" 479
"../../../Engine/Plugins/Runtime/OpenXR/Content/Devices/OculusTouch/BaseTexture.ubulk" 480
"../../../Engine/Plugins/Runtime/OpenXR/Content/Devices/OculusTouch/MI_OculusTouch.uasset" 481
"../../../Engine/Plugins/Runtime/OpenXR/Content/Devices/OculusTouch/MI_OculusTouch.uexp" 482
"../../../Engine/Plugins/Runtime/OpenXR/Content/Devices/OculusTouch/Left/left_OculusTouchController.uasset" 483
"../../../Engine/Plugins/Runtime/OpenXR/Content/Devices/OculusTouch/Left/left_OculusTouchController.uexp" 484
"../../../Engine/Plugins/Runtime/OpenXR/Content/Devices/OculusTouch/Right/right_OculusTouchController.uasset" 485
"../../../Engine/Plugins/Runtime/OpenXR/Content/Devices/OculusTouch/Right/right_OculusTouchController.uexp" 486
"../../../Engine/Plugins/Runtime/OpenXR/Content/Devices/OculusTouch_v2/BaseTexture.uasset" 487
"../../../Engine/Plugins/Runtime/OpenXR/Content/Devices/OculusTouch_v2/BaseTexture.uexp" 488
"../../../Engine/Plugins/Runtime/OpenXR/Content/Devices/OculusTouch_v2/BaseTexture.ubulk" 489
"../../../Engine/Plugins/Runtime/OpenXR/Content/Devices/OculusTouch_v2/MRTexture.uasset" 490
"../../../Engine/Plugins/Runtime/OpenXR/Content/Devices/OculusTouch_v2/MRTexture.uexp" 491
"../../../Engine/Plugins/Runtime/OpenXR/Content/Devices/OculusTouch_v2/MRTexture.ubulk" 492
"../../../Engine/Plugins/Runtime/OpenXR/Content/Devices/OculusTouch_v2/MI_OculusTouch_v2.uasset" 493
"../../../Engine/Plugins/Runtime/OpenXR/Content/Devices/OculusTouch_v2/MI_OculusTouch_v2.uexp" 494
"../../../Engine/Plugins/Runtime/OpenXR/Content/Devices/OculusTouch_v2/Left/left_OculusTouch_v2Controller.uasset" 495
"../../../Engine/Plugins/Runtime/OpenXR/Content/Devices/OculusTouch_v2/Left/left_OculusTouch_v2Controller.uexp" 496
"../../../Engine/Plugins/Runtime/OpenXR/Content/Devices/OculusTouch_v2/Right/right_OculusTouch_v2Controller.uasset" 497
"../../../Engine/Plugins/Runtime/OpenXR/Content/Devices/OculusTouch_v2/Right/right_OculusTouch_v2Controller.uexp" 498
"../../../Engine/Plugins/Runtime/OpenXR/Content/Devices/OculusTouch_v3/MRTexture.uasset" 499
"../../../Engine/Plugins/Runtime/OpenXR/Content/Devices/OculusTouch_v3/MRTexture.uexp" 500
"../../../Engine/Plugins/Runtime/OpenXR/Content/Devices/OculusTouch_v3/MRTexture.ubulk" 501
"../../../Engine/Plugins/Runtime/OpenXR/Content/Devices/OculusTouch_v3/BaseTexture.uasset" 502
"../../../Engine/Plugins/Runtime/OpenXR/Content/Devices/OculusTouch_v3/BaseTexture.uexp" 503
"../../../Engine/Plugins/Runtime/OpenXR/Content/Devices/OculusTouch_v3/BaseTexture.ubulk" 504
"../../../Engine/Plugins/Runtime/OpenXR/Content/Devices/OculusTouch_v3/MI_OculusTouch_v3.uasset" 505
"../../../Engine/Plugins/Runtime/OpenXR/Content/Devices/OculusTouch_v3/MI_OculusTouch_v3.uexp" 506
"../../../Engine/Plugins/Runtime/OpenXR/Content/Devices/OculusTouch_v3/Left/left_OculusTouch_v3Controller.uasset" 507
"../../../Engine/Plugins/Runtime/OpenXR/Content/Devices/OculusTouch_v3/Left/left_OculusTouch_v3Controller.uexp" 508
"../../../Engine/Plugins/Runtime/OpenXR/Content/Devices/OculusTouch_v3/Right/right_OculusTouch_v3Controller.uasset" 509
"../../../Engine/Plugins/Runtime/OpenXR/Content/Devices/OculusTouch_v3/Right/right_OculusTouch_v3Controller.uexp" 510
"../../../Engine/Plugins/Runtime/OpenXR/Content/Devices/ValveIndex/Left/left_MRTexture.uasset" 511
"../../../Engine/Plugins/Runtime/OpenXR/Content/Devices/ValveIndex/Left/left_MRTexture.uexp" 512
"../../../Engine/Plugins/Runtime/OpenXR/Content/Devices/ValveIndex/Left/left_MRTexture.ubulk" 513
"../../../Engine/Plugins/Runtime/OpenXR/Content/Devices/ValveIndex/Left/left_BaseTexture.uasset" 514
"../../../Engine/Plugins/Runtime/OpenXR/Content/Devices/ValveIndex/Left/left_BaseTexture.uexp" 515
"../../../Engine/Plugins/Runtime/OpenXR/Content/Devices/ValveIndex/Left/left_BaseTexture.ubulk" 516
"../../../Engine/Plugins/Runtime/OpenXR/Content/Devices/ValveIndex/Left/MI_left_ValveIndex.uasset" 517
"../../../Engine/Plugins/Runtime/OpenXR/Content/Devices/ValveIndex/Left/MI_left_ValveIndex.uexp" 518
"../../../Engine/Plugins/Runtime/OpenXR/Content/Devices/ValveIndex/Left/left_ValveIndexController.uasset" 519
"../../../Engine/Plugins/Runtime/OpenXR/Content/Devices/ValveIndex/Left/left_ValveIndexController.uexp" 520
"../../../Engine/Plugins/Runtime/OpenXR/Content/Devices/ValveIndex/Right/right_MRTexture.uasset" 521
"../../../Engine/Plugins/Runtime/OpenXR/Content/Devices/ValveIndex/Right/right_MRTexture.uexp" 522
"../../../Engine/Plugins/Runtime/OpenXR/Content/Devices/ValveIndex/Right/right_MRTexture.ubulk" 523
"../../../Engine/Plugins/Runtime/OpenXR/Content/Devices/ValveIndex/Right/right_BaseTexture.uasset" 524
"../../../Engine/Plugins/Runtime/OpenXR/Content/Devices/ValveIndex/Right/right_BaseTexture.uexp" 525
"../../../Engine/Plugins/Runtime/OpenXR/Content/Devices/ValveIndex/Right/right_BaseTexture.ubulk" 526
"../../../Engine/Plugins/Runtime/OpenXR/Content/Devices/ValveIndex/Right/MI_right_ValveIndex.uasset" 527
"../../../Engine/Plugins/Runtime/OpenXR/Content/Devices/ValveIndex/Right/MI_right_ValveIndex.uexp" 528
"../../../Engine/Plugins/Runtime/OpenXR/Content/Devices/ValveIndex/Right/right_ValveIndexController.uasset" 529
"../../../Engine/Plugins/Runtime/OpenXR/Content/Devices/ValveIndex/Right/right_ValveIndexController.uexp" 530
"../../../Engine/Content/Functions/Engine_MaterialFunctions02/Utility/BreakOutFloat4Components.uasset" 531
"../../../Engine/Content/Functions/Engine_MaterialFunctions02/Utility/BreakOutFloat4Components.uexp" 532
"../../../Engine/Content/Functions/Engine_MaterialFunctions02/Utility/MakeFloat3.uasset" 533
"../../../Engine/Content/Functions/Engine_MaterialFunctions02/Utility/MakeFloat3.uexp" 534
"../../../Engine/Plugins/Runtime/Oculus/OculusVR/Content/Materials/OculusMR_ChromaKey.uasset" 535
"../../../Engine/Plugins/Runtime/Oculus/OculusVR/Content/Materials/OculusMR_ChromaKey.uexp" 536
"../../../Engine/Plugins/Runtime/Oculus/OculusVR/Content/Materials/OculusMR_OpaqueColoredMaterial.uasset" 537
"../../../Engine/Plugins/Runtime/Oculus/OculusVR/Content/Materials/OculusMR_OpaqueColoredMaterial.uexp" 538
"../../../Engine/Plugins/Runtime/Oculus/OculusVR/Content/Materials/PokeAHoleMaterial.uasset" 539
"../../../Engine/Plugins/Runtime/Oculus/OculusVR/Content/Materials/PokeAHoleMaterial.uexp" 540
"../../../Engine/Plugins/Runtime/Oculus/OculusVR/Content/Textures/touchController_controlmap.uasset" 541
"../../../Engine/Plugins/Runtime/Oculus/OculusVR/Content/Textures/touchController_controlmap.uexp" 542
"../../../Engine/Plugins/Runtime/Oculus/OculusVR/Content/Textures/touchController_controlmap.ubulk" 543
"../../../Engine/Plugins/Runtime/Oculus/OculusVR/Content/Textures/touchController_albedo.uasset" 544
"../../../Engine/Plugins/Runtime/Oculus/OculusVR/Content/Textures/touchController_albedo.uexp" 545
"../../../Engine/Plugins/Runtime/Oculus/OculusVR/Content/Textures/touchController_albedo.ubulk" 546
"../../../Engine/Plugins/Runtime/Oculus/OculusVR/Content/Materials/touchController_mat.uasset" 547
"../../../Engine/Plugins/Runtime/Oculus/OculusVR/Content/Materials/touchController_mat.uexp" 548
"../../../Engine/Plugins/Runtime/Oculus/OculusVR/Content/Meshes/LeftTouchController.uasset" 549
"../../../Engine/Plugins/Runtime/Oculus/OculusVR/Content/Meshes/LeftTouchController.uexp" 550
"../../../Engine/Plugins/Runtime/Oculus/OculusVR/Content/Textures/TouchForQuestRiftSController_albedo.uasset" 551
"../../../Engine/Plugins/Runtime/Oculus/OculusVR/Content/Textures/TouchForQuestRiftSController_albedo.uexp" 552
"../../../Engine/Plugins/Runtime/Oculus/OculusVR/Content/Textures/TouchForQuestRiftSController_albedo.ubulk" 553
"../../../Engine/Plugins/Runtime/Oculus/OculusVR/Content/Materials/TouchForQuestRiftSControllerMaterial.uasset" 554
"../../../Engine/Plugins/Runtime/Oculus/OculusVR/Content/Materials/TouchForQuestRiftSControllerMaterial.uexp" 555
"../../../Engine/Plugins/Runtime/Oculus/OculusVR/Content/Meshes/LeftTouchForQuestRiftSController.uasset" 556
"../../../Engine/Plugins/Runtime/Oculus/OculusVR/Content/Meshes/LeftTouchForQuestRiftSController.uexp" 557
"../../../Engine/Plugins/Runtime/Oculus/OculusVR/Content/Meshes/RiftHMD.uasset" 558
"../../../Engine/Plugins/Runtime/Oculus/OculusVR/Content/Meshes/RiftHMD.uexp" 559
"../../../Engine/Plugins/Runtime/Oculus/OculusVR/Content/Meshes/RightTouchController.uasset" 560
"../../../Engine/Plugins/Runtime/Oculus/OculusVR/Content/Meshes/RightTouchController.uexp" 561
"../../../Engine/Plugins/Runtime/Oculus/OculusVR/Content/Meshes/RightTouchForQuestRiftSController.uasset" 562
"../../../Engine/Plugins/Runtime/Oculus/OculusVR/Content/Meshes/RightTouchForQuestRiftSController.uexp" 563
"D:/Unreal Projects/Tankogeddon/Content/StarterContent/Materials/M_Basic_Wall.uasset" 564
"D:/Unreal Projects/Tankogeddon/Content/StarterContent/Materials/M_Basic_Wall.uexp" 565
"D:/Unreal Projects/Tankogeddon/Content/StarterContent/Architecture/Wall_400x400.uasset" 566
"D:/Unreal Projects/Tankogeddon/Content/StarterContent/Architecture/Wall_400x400.uexp" 567
"../../../Engine/Content/MapTemplates/SM_Template_Map_Floor.uasset" 568
"../../../Engine/Content/MapTemplates/SM_Template_Map_Floor.uexp" 569
"../../../Engine/Content/EngineSky/T_Sky_Stars.uasset" 570
"../../../Engine/Content/EngineSky/T_Sky_Stars.uexp" 571
"../../../Engine/Content/EngineSky/T_Sky_Stars.ubulk" 572
"../../../Engine/Content/EngineSky/T_Sky_Clouds_M.uasset" 573
"../../../Engine/Content/EngineSky/T_Sky_Clouds_M.uexp" 574
"../../../Engine/Content/EngineSky/T_Sky_Clouds_M.ubulk" 575
"../../../Engine/Content/EngineSky/T_Sky_Blue.uasset" 576
"../../../Engine/Content/EngineSky/T_Sky_Blue.uexp" 577
"../../../Engine/Content/EngineSky/T_Sky_Blue.ubulk" 578
"D:/Unreal Projects/Tankogeddon/Content/StarterContent/Textures/T_Rock_Slate_N.uasset" 579
"D:/Unreal Projects/Tankogeddon/Content/StarterContent/Textures/T_Rock_Slate_N.uexp" 580
"D:/Unreal Projects/Tankogeddon/Content/StarterContent/Textures/T_Rock_Slate_N.ubulk" 581
"D:/Unreal Projects/Tankogeddon/Content/StarterContent/Textures/T_Rock_Slate_D.uasset" 582
"D:/Unreal Projects/Tankogeddon/Content/StarterContent/Textures/T_Rock_Slate_D.uexp" 583
"D:/Unreal Projects/Tankogeddon/Content/StarterContent/Textures/T_Rock_Slate_D.ubulk" 584
"D:/Unreal Projects/Tankogeddon/Content/StarterContent/Textures/T_Perlin_Noise_M.uasset" 585
"D:/Unreal Projects/Tankogeddon/Content/StarterContent/Textures/T_Perlin_Noise_M.uexp" 586
"D:/Unreal Projects/Tankogeddon/Content/StarterContent/Textures/T_Perlin_Noise_M.ubulk" 587
"D:/Unreal Projects/Tankogeddon/Content/StarterContent/Textures/T_MacroVariation.uasset" 588
"D:/Unreal Projects/Tankogeddon/Content/StarterContent/Textures/T_MacroVariation.uexp" 589
"D:/Unreal Projects/Tankogeddon/Content/StarterContent/Materials/M_Rock_Slate.uasset" 590
"D:/Unreal Projects/Tankogeddon/Content/StarterContent/Materials/M_Rock_Slate.uexp" 591
"../../../Engine/Content/EngineSky/M_Sky_Panning_Clouds2.uasset" 592
"../../../Engine/Content/EngineSky/M_Sky_Panning_Clouds2.uexp" 593
"D:/Unreal Projects/Tankogeddon/Content/Maps/TestLevel_BuiltData.uasset" 594
"D:/Unreal Projects/Tankogeddon/Content/Maps/TestLevel_BuiltData.uexp" 595
"D:/Unreal Projects/Tankogeddon/Content/Maps/TestLevel_BuiltData.ubulk" 596
"D:/Unreal Projects/Tankogeddon/Content/Core/BP_TankAIController.uasset" 597
"D:/Unreal Projects/Tankogeddon/Content/Core/BP_TankAIController.uexp" 598
"D:/Unreal Projects/Tankogeddon/Content/CSC/Textures/T_Tank_OcclusionRoughnessMetallic.uasset" 599
"D:/Unreal Projects/Tankogeddon/Content/CSC/Textures/T_Tank_OcclusionRoughnessMetallic.uexp" 600
"D:/Unreal Projects/Tankogeddon/Content/CSC/Textures/T_Tank_OcclusionRoughnessMetallic.ubulk" 601
"D:/Unreal Projects/Tankogeddon/Content/CSC/Textures/T_Tank_Normal.uasset" 602
"D:/Unreal Projects/Tankogeddon/Content/CSC/Textures/T_Tank_Normal.uexp" 603
"D:/Unreal Projects/Tankogeddon/Content/CSC/Textures/T_Tank_Normal.ubulk" 604
"D:/Unreal Projects/Tankogeddon/Content/CSC/Textures/T_Tank_Emissive.uasset" 605
"D:/Unreal Projects/Tankogeddon/Content/CSC/Textures/T_Tank_Emissive.uexp" 606
"D:/Unreal Projects/Tankogeddon/Content/CSC/Textures/T_Tank_Emissive.ubulk" 607
"D:/Unreal Projects/Tankogeddon/Content/CSC/Textures/T_Tank_BaseColor.uasset" 608
"D:/Unreal Projects/Tankogeddon/Content/CSC/Textures/T_Tank_BaseColor.uexp" 609
"D:/Unreal Projects/Tankogeddon/Content/CSC/Textures/T_Tank_BaseColor.ubulk" 610
"D:/Unreal Projects/Tankogeddon/Content/CSC/Materials/M_Tank.uasset" 611
"D:/Unreal Projects/Tankogeddon/Content/CSC/Materials/M_Tank.uexp" 612
"D:/Unreal Projects/Tankogeddon/Content/CSC/Meshes/SM_CSC_Gun6.uasset" 613
"D:/Unreal Projects/Tankogeddon/Content/CSC/Meshes/SM_CSC_Gun6.uexp" 614
"D:/Unreal Projects/Tankogeddon/Content/CSC/Meshes/SM_TANK_Base1.uasset" 615
"D:/Unreal Projects/Tankogeddon/Content/CSC/Meshes/SM_TANK_Base1.uexp" 616
"D:/Unreal Projects/Tankogeddon/Content/StarterContent/Shapes/Shape_Sphere.uasset" 617
"D:/Unreal Projects/Tankogeddon/Content/StarterContent/Shapes/Shape_Sphere.uexp" 618
"D:/Unreal Projects/Tankogeddon/Content/StarterContent/Textures/T_Metal_Steel_N.uasset" 619
"D:/Unreal Projects/Tankogeddon/Content/StarterContent/Textures/T_Metal_Steel_N.uexp" 620
"D:/Unreal Projects/Tankogeddon/Content/StarterContent/Textures/T_Metal_Steel_N.ubulk" 621
"D:/Unreal Projects/Tankogeddon/Content/StarterContent/Textures/T_Metal_Steel_D.uasset" 622
"D:/Unreal Projects/Tankogeddon/Content/StarterContent/Textures/T_Metal_Steel_D.uexp" 623
"D:/Unreal Projects/Tankogeddon/Content/StarterContent/Textures/T_Metal_Steel_D.ubulk" 624
"D:/Unreal Projects/Tankogeddon/Content/StarterContent/Materials/M_Metal_Steel.uasset" 625
"D:/Unreal Projects/Tankogeddon/Content/StarterContent/Materials/M_Metal_Steel.uexp" 626
"D:/Unreal Projects/Tankogeddon/Content/Cannons/BP_TestProjectile.uasset" 627
"D:/Unreal Projects/Tankogeddon/Content/Cannons/BP_TestProjectile.uexp" 628
"D:/Unreal Projects/Tankogeddon/Content/CSC/Textures/Mobile_textures/T_mobile_ACS_17_Normal.uasset" 629
"D:/Unreal Projects/Tankogeddon/Content/CSC/Textures/Mobile_textures/T_mobile_ACS_17_Normal.uexp" 630
"D:/Unreal Projects/Tankogeddon/Content/CSC/Textures/Mobile_textures/T_mobile_ACS_17_Normal.ubulk" 631
"D:/Unreal Projects/Tankogeddon/Content/CSC/Textures/Mobile_textures/T_mobile_ACS_17_BaseColor.uasset" 632
"D:/Unreal Projects/Tankogeddon/Content/CSC/Textures/Mobile_textures/T_mobile_ACS_17_BaseColor.uexp" 633
"D:/Unreal Projects/Tankogeddon/Content/CSC/Textures/Mobile_textures/T_mobile_ACS_17_BaseColor.ubulk" 634
"D:/Unreal Projects/Tankogeddon/Content/CSC/Materials/Mobile_materials/M_CSC_mobile.uasset" 635
"D:/Unreal Projects/Tankogeddon/Content/CSC/Materials/Mobile_materials/M_CSC_mobile.uexp" 636
"D:/Unreal Projects/Tankogeddon/Content/StarterContent/Shapes/Shape_Cylinder.uasset" 637
"D:/Unreal Projects/Tankogeddon/Content/StarterContent/Shapes/Shape_Cylinder.uexp" 638
"D:/Unreal Projects/Tankogeddon/Content/StarterContent/Textures/T_Smoke_Tiled_D.uasset" 639
"D:/Unreal Projects/Tankogeddon/Content/StarterContent/Textures/T_Smoke_Tiled_D.uexp" 640
"D:/Unreal Projects/Tankogeddon/Content/StarterContent/Textures/T_Smoke_Tiled_D.ubulk" 641
"D:/Unreal Projects/Tankogeddon/Content/StarterContent/Textures/T_Smoke_SubUV.uasset" 642
"D:/Unreal Projects/Tankogeddon/Content/StarterContent/Textures/T_Smoke_SubUV.uexp" 643
"D:/Unreal Projects/Tankogeddon/Content/StarterContent/Textures/T_Smoke_SubUV.ubulk" 644
"D:/Unreal Projects/Tankogeddon/Content/StarterContent/Particles/Materials/M_smoke_subUV.uasset" 645
"D:/Unreal Projects/Tankogeddon/Content/StarterContent/Particles/Materials/M_smoke_subUV.uexp" 646
"../../../Engine/Content/Functions/Engine_MaterialFunctions01/Gradient/RadialGradient.uasset" 647
"../../../Engine/Content/Functions/Engine_MaterialFunctions01/Gradient/RadialGradient.uexp" 648
"D:/Unreal Projects/Tankogeddon/Content/StarterContent/Particles/Materials/M_radial_ramp.uasset" 649
"D:/Unreal Projects/Tankogeddon/Content/StarterContent/Particles/Materials/M_radial_ramp.uexp" 650
"D:/Unreal Projects/Tankogeddon/Content/StarterContent/Particles/Materials/m_flare_01.uasset" 651
"D:/Unreal Projects/Tankogeddon/Content/StarterContent/Particles/Materials/m_flare_01.uexp" 652
"D:/Unreal Projects/Tankogeddon/Content/StarterContent/Textures/T_Explosion_SubUV.uasset" 653
"D:/Unreal Projects/Tankogeddon/Content/StarterContent/Textures/T_Explosion_SubUV.uexp" 654
"D:/Unreal Projects/Tankogeddon/Content/StarterContent/Textures/T_Explosion_SubUV.ubulk" 655
"D:/Unreal Projects/Tankogeddon/Content/StarterContent/Particles/Materials/M_explosion_subUV.uasset" 656
"D:/Unreal Projects/Tankogeddon/Content/StarterContent/Particles/Materials/M_explosion_subUV.uexp" 657
"D:/Unreal Projects/Tankogeddon/Content/StarterContent/Textures/T_Burst_M.uasset" 658
"D:/Unreal Projects/Tankogeddon/Content/StarterContent/Textures/T_Burst_M.uexp" 659
"D:/Unreal Projects/Tankogeddon/Content/StarterContent/Textures/T_Burst_M.ubulk" 660
"D:/Unreal Projects/Tankogeddon/Content/StarterContent/Particles/Materials/M_Burst.uasset" 661
"D:/Unreal Projects/Tankogeddon/Content/StarterContent/Particles/Materials/M_Burst.uexp" 662
"D:/Unreal Projects/Tankogeddon/Content/StarterContent/Particles/P_Explosion.uasset" 663
"D:/Unreal Projects/Tankogeddon/Content/StarterContent/Particles/P_Explosion.uexp" 664
"D:/Unreal Projects/Tankogeddon/Content/StarterContent/Audio/Explosion01.uasset" 665
"D:/Unreal Projects/Tankogeddon/Content/StarterContent/Audio/Explosion01.uexp" 666
"D:/Unreal Projects/Tankogeddon/Content/Cannons/FFE_Shoot.uasset" 667
"D:/Unreal Projects/Tankogeddon/Content/Cannons/FFE_Shoot.uexp" 668
"D:/Unreal Projects/Tankogeddon/Content/Core/BP_ShootShake.uasset" 669
"D:/Unreal Projects/Tankogeddon/Content/Core/BP_ShootShake.uexp" 670
"D:/Unreal Projects/Tankogeddon/Content/Cannons/BP_TestProjectileCannon.uasset" 671
"D:/Unreal Projects/Tankogeddon/Content/Cannons/BP_TestProjectileCannon.uexp" 672
"D:/Unreal Projects/Tankogeddon/Content/Core/BP_TankPawn.uasset" 673
"D:/Unreal Projects/Tankogeddon/Content/Core/BP_TankPawn.uexp" 674
"D:/Unreal Projects/Tankogeddon/Content/Core/BP_TankogeddonGameMode.uasset" 675
"D:/Unreal Projects/Tankogeddon/Content/Core/BP_TankogeddonGameMode.uexp" 676
"D:/Unreal Projects/Tankogeddon/Content/StarterContent/Materials/M_AssetPlatform.uasset" 677
"D:/Unreal Projects/Tankogeddon/Content/StarterContent/Materials/M_AssetPlatform.uexp" 678
"D:/Unreal Projects/Tankogeddon/Content/StarterContent/Architecture/SM_AssetPlatform.uasset" 679
"D:/Unreal Projects/Tankogeddon/Content/StarterContent/Architecture/SM_AssetPlatform.uexp" 680
"D:/Unreal Projects/Tankogeddon/Content/Core/BP_MapLoader.uasset" 681
"D:/Unreal Projects/Tankogeddon/Content/Core/BP_MapLoader.uexp" 682
"D:/Unreal Projects/Tankogeddon/Content/Cannons/M_TestTrace.uasset" 683
"D:/Unreal Projects/Tankogeddon/Content/Cannons/M_TestTrace.uexp" 684
"D:/Unreal Projects/Tankogeddon/Content/CSC/Demo/Sounds/hero4_fire_2.uasset" 685
"D:/Unreal Projects/Tankogeddon/Content/CSC/Demo/Sounds/hero4_fire_2.uexp" 686
"D:/Unreal Projects/Tankogeddon/Content/Cannons/BP_TestTraceCannon.uasset" 687
"D:/Unreal Projects/Tankogeddon/Content/Cannons/BP_TestTraceCannon.uexp" 688
"D:/Unreal Projects/Tankogeddon/Content/StarterContent/Shapes/Shape_Cube.uasset" 689
"D:/Unreal Projects/Tankogeddon/Content/StarterContent/Shapes/Shape_Cube.uexp" 690
"D:/Unreal Projects/Tankogeddon/Content/Cannons/BP_TraceAmmoBox.uasset" 691
"D:/Unreal Projects/Tankogeddon/Content/Cannons/BP_TraceAmmoBox.uexp" 692
"D:/Unreal Projects/Tankogeddon/Content/StarterContent/Textures/T_Tech_Hex_Tile_N.uasset" 693
"D:/Unreal Projects/Tankogeddon/Content/StarterContent/Textures/T_Tech_Hex_Tile_N.uexp" 694
"D:/Unreal Projects/Tankogeddon/Content/StarterContent/Textures/T_Tech_Hex_Tile_N.ubulk" 695
"D:/Unreal Projects/Tankogeddon/Content/StarterContent/Textures/T_Tech_Hex_Tile_M.uasset" 696
"D:/Unreal Projects/Tankogeddon/Content/StarterContent/Textures/T_Tech_Hex_Tile_M.uexp" 697
"D:/Unreal Projects/Tankogeddon/Content/StarterContent/Textures/T_Tech_Hex_Tile_M.ubulk" 698
"D:/Unreal Projects/Tankogeddon/Content/StarterContent/Materials/M_Tech_Hex_Tile_Pulse.uasset" 699
"D:/Unreal Projects/Tankogeddon/Content/StarterContent/Materials/M_Tech_Hex_Tile_Pulse.uexp" 700
"D:/Unreal Projects/Tankogeddon/Content/StarterContent/Audio/Explosion02.uasset" 701
"D:/Unreal Projects/Tankogeddon/Content/StarterContent/Audio/Explosion02.uexp" 702
"D:/Unreal Projects/Tankogeddon/Content/Cannons/BP_TestTechProjectile.uasset" 703
"D:/Unreal Projects/Tankogeddon/Content/Cannons/BP_TestTechProjectile.uexp" 704
"D:/Unreal Projects/Tankogeddon/Content/Cannons/BP_TestTechProjectileCannon.uasset" 705
"D:/Unreal Projects/Tankogeddon/Content/Cannons/BP_TestTechProjectileCannon.uexp" 706
"D:/Unreal Projects/Tankogeddon/Content/Cannons/BP_TechProjectileAmmoBox.uasset" 707
"D:/Unreal Projects/Tankogeddon/Content/Cannons/BP_TechProjectileAmmoBox.uexp" 708
"D:/Unreal Projects/Tankogeddon/Content/Cannons/BP_ProjectileAmmoBox.uasset" 709
"D:/Unreal Projects/Tankogeddon/Content/Cannons/BP_ProjectileAmmoBox.uexp" 710
"D:/Unreal Projects/Tankogeddon/Content/StarterContent/Materials/M_Metal_Chrome.uasset" 711
"D:/Unreal Projects/Tankogeddon/Content/StarterContent/Materials/M_Metal_Chrome.uexp" 712
"D:/Unreal Projects/Tankogeddon/Content/CSC/Textures/T_CSC_Gauss_OcclusionRoughnessMetallic.uasset" 713
"D:/Unreal Projects/Tankogeddon/Content/CSC/Textures/T_CSC_Gauss_OcclusionRoughnessMetallic.uexp" 714
"D:/Unreal Projects/Tankogeddon/Content/CSC/Textures/T_CSC_Gauss_OcclusionRoughnessMetallic.ubulk" 715
"D:/Unreal Projects/Tankogeddon/Content/CSC/Textures/T_CSC_Gauss_Normal.uasset" 716
"D:/Unreal Projects/Tankogeddon/Content/CSC/Textures/T_CSC_Gauss_Normal.uexp" 717
"D:/Unreal Projects/Tankogeddon/Content/CSC/Textures/T_CSC_Gauss_Normal.ubulk" 718
"D:/Unreal Projects/Tankogeddon/Content/CSC/Textures/T_CSC_Gauss_Emissive.uasset" 719
"D:/Unreal Projects/Tankogeddon/Content/CSC/Textures/T_CSC_Gauss_Emissive.uexp" 720
"D:/Unreal Projects/Tankogeddon/Content/CSC/Textures/T_CSC_Gauss_Emissive.ubulk" 721
"D:/Unreal Projects/Tankogeddon/Content/CSC/Textures/T_CSC_Gauss_BaseColor.uasset" 722
"D:/Unreal Projects/Tankogeddon/Content/CSC/Textures/T_CSC_Gauss_BaseColor.uexp" 723
"D:/Unreal Projects/Tankogeddon/Content/CSC/Textures/T_CSC_Gauss_BaseColor.ubulk" 724
"D:/Unreal Projects/Tankogeddon/Content/CSC/Materials/M_CSC_GaussGun.uasset" 725
"D:/Unreal Projects/Tankogeddon/Content/CSC/Materials/M_CSC_GaussGun.uexp" 726
"D:/Unreal Projects/Tankogeddon/Content/Cannons/BP_TestPhysicsProjectile1.uasset" 727
"D:/Unreal Projects/Tankogeddon/Content/Cannons/BP_TestPhysicsProjectile1.uexp" 728
"D:/Unreal Projects/Tankogeddon/Content/Cannons/BP_MortireCannon.uasset" 729
"D:/Unreal Projects/Tankogeddon/Content/Cannons/BP_MortireCannon.uexp" 730
"D:/Unreal Projects/Tankogeddon/Content/Cannons/BP_PhysicsProjectileAmmoBox.uasset" 731
"D:/Unreal Projects/Tankogeddon/Content/Cannons/BP_PhysicsProjectileAmmoBox.uexp" 732
"D:/Unreal Projects/Tankogeddon/Content/StarterContent/Props/MaterialSphere.uasset" 733
"D:/Unreal Projects/Tankogeddon/Content/StarterContent/Props/MaterialSphere.uexp" 734
"D:/Unreal Projects/Tankogeddon/Content/Cannons/BP_TestIceProjectile.uasset" 735
"D:/Unreal Projects/Tankogeddon/Content/Cannons/BP_TestIceProjectile.uexp" 736
"D:/Unreal Projects/Tankogeddon/Content/CSC/Demo/Particles/Texrures/T_Burst_M.uasset" 737
"D:/Unreal Projects/Tankogeddon/Content/CSC/Demo/Particles/Texrures/T_Burst_M.uexp" 738
"D:/Unreal Projects/Tankogeddon/Content/CSC/Demo/Particles/Texrures/T_Burst_M.ubulk" 739
"D:/Unreal Projects/Tankogeddon/Content/CSC/Demo/Particles/Materials/M_Burst.uasset" 740
"D:/Unreal Projects/Tankogeddon/Content/CSC/Demo/Particles/Materials/M_Burst.uexp" 741
"D:/Unreal Projects/Tankogeddon/Content/CSC/Demo/Particles/Texrures/T_Explosion_SubUV.uasset" 742
"D:/Unreal Projects/Tankogeddon/Content/CSC/Demo/Particles/Texrures/T_Explosion_SubUV.uexp" 743
"D:/Unreal Projects/Tankogeddon/Content/CSC/Demo/Particles/Texrures/T_Explosion_SubUV.ubulk" 744
"D:/Unreal Projects/Tankogeddon/Content/CSC/Demo/Particles/Materials/M_explosion_subUV.uasset" 745
"D:/Unreal Projects/Tankogeddon/Content/CSC/Demo/Particles/Materials/M_explosion_subUV.uexp" 746
"D:/Unreal Projects/Tankogeddon/Content/CSC/Demo/Particles/Materials/m_flare_01.uasset" 747
"D:/Unreal Projects/Tankogeddon/Content/CSC/Demo/Particles/Materials/m_flare_01.uexp" 748
"D:/Unreal Projects/Tankogeddon/Content/CSC/Demo/Particles/Materials/M_radial_ramp.uasset" 749
"D:/Unreal Projects/Tankogeddon/Content/CSC/Demo/Particles/Materials/M_radial_ramp.uexp" 750
"D:/Unreal Projects/Tankogeddon/Content/CSC/Demo/Particles/Texrures/T_Smoke_Tiled_D.uasset" 751
"D:/Unreal Projects/Tankogeddon/Content/CSC/Demo/Particles/Texrures/T_Smoke_Tiled_D.uexp" 752
"D:/Unreal Projects/Tankogeddon/Content/CSC/Demo/Particles/Texrures/T_Smoke_Tiled_D.ubulk" 753
"D:/Unreal Projects/Tankogeddon/Content/CSC/Demo/Particles/Texrures/T_Smoke_SubUV.uasset" 754
"D:/Unreal Projects/Tankogeddon/Content/CSC/Demo/Particles/Texrures/T_Smoke_SubUV.uexp" 755
"D:/Unreal Projects/Tankogeddon/Content/CSC/Demo/Particles/Texrures/T_Smoke_SubUV.ubulk" 756
"D:/Unreal Projects/Tankogeddon/Content/CSC/Demo/Particles/Materials/M_smoke_subUV.uasset" 757
"D:/Unreal Projects/Tankogeddon/Content/CSC/Demo/Particles/Materials/M_smoke_subUV.uexp" 758
"D:/Unreal Projects/Tankogeddon/Content/CSC/Demo/Particles/P_Explosion.uasset" 759
"D:/Unreal Projects/Tankogeddon/Content/CSC/Demo/Particles/P_Explosion.uexp" 760
"D:/Unreal Projects/Tankogeddon/Content/Cannons/BP_TestIceProjectileCannon.uasset" 761
"D:/Unreal Projects/Tankogeddon/Content/Cannons/BP_TestIceProjectileCannon.uexp" 762
"D:/Unreal Projects/Tankogeddon/Content/Cannons/BP_IceProjectileAmmoBox.uasset" 763
"D:/Unreal Projects/Tankogeddon/Content/Cannons/BP_IceProjectileAmmoBox.uexp" 764
"../../../Engine/Content/EditorBlueprintResources/StandardMacros.uasset" 765
"../../../Engine/Content/EditorBlueprintResources/StandardMacros.uexp" 766
"../../../Engine/Content/EngineSky/SM_SkySphere.uasset" 767
"../../../Engine/Content/EngineSky/SM_SkySphere.uexp" 768
"../../../Engine/Content/EngineSky/C_Sky_Zenith_Color.uasset" 769
"../../../Engine/Content/EngineSky/C_Sky_Zenith_Color.uexp" 770
"../../../Engine/Content/EngineSky/C_Sky_Horizon_Color.uasset" 771
"../../../Engine/Content/EngineSky/C_Sky_Horizon_Color.uexp" 772
"../../../Engine/Content/EngineSky/C_Sky_Cloud_Color.uasset" 773
"../../../Engine/Content/EngineSky/C_Sky_Cloud_Color.uexp" 774
"../../../Engine/Content/EngineSky/BP_Sky_Sphere.uasset" 775
"../../../Engine/Content/EngineSky/BP_Sky_Sphere.uexp" 776
"D:/Unreal Projects/Tankogeddon/Content/StarterContent/Audio/Collapse01.uasset" 777
"D:/Unreal Projects/Tankogeddon/Content/StarterContent/Audio/Collapse01.uexp" 778
"D:/Unreal Projects/Tankogeddon/Content/StarterContent/Textures/T_Spark_Core.uasset" 779
"D:/Unreal Projects/Tankogeddon/Content/StarterContent/Textures/T_Spark_Core.uexp" 780
"D:/Unreal Projects/Tankogeddon/Content/StarterContent/Textures/T_Spark_Core.ubulk" 781
"D:/Unreal Projects/Tankogeddon/Content/StarterContent/Particles/Materials/M_Spark.uasset" 782
"D:/Unreal Projects/Tankogeddon/Content/StarterContent/Particles/Materials/M_Spark.uexp" 783
"D:/Unreal Projects/Tankogeddon/Content/StarterContent/Particles/Materials/M_Radial_Gradient.uasset" 784
"D:/Unreal Projects/Tankogeddon/Content/StarterContent/Particles/Materials/M_Radial_Gradient.uexp" 785
"D:/Unreal Projects/Tankogeddon/Content/StarterContent/Particles/P_Sparks.uasset" 786
"D:/Unreal Projects/Tankogeddon/Content/StarterContent/Particles/P_Sparks.uexp" 787
"D:/Unreal Projects/Tankogeddon/Content/Core/BP_Turret.uasset" 788
"D:/Unreal Projects/Tankogeddon/Content/Core/BP_Turret.uexp" 789
"D:/Unreal Projects/Tankogeddon/Content/CSC/Textures/T_ACS17_unreal_Normal.uasset" 790
"D:/Unreal Projects/Tankogeddon/Content/CSC/Textures/T_ACS17_unreal_Normal.uexp" 791
"D:/Unreal Projects/Tankogeddon/Content/CSC/Textures/T_ACS17_unreal_Normal.ubulk" 792
"D:/Unreal Projects/Tankogeddon/Content/CSC/Textures/T_ACS17_OcclusionRoughnessMetallic.uasset" 793
"D:/Unreal Projects/Tankogeddon/Content/CSC/Textures/T_ACS17_OcclusionRoughnessMetallic.uexp" 794
"D:/Unreal Projects/Tankogeddon/Content/CSC/Textures/T_ACS17_OcclusionRoughnessMetallic.ubulk" 795
"D:/Unreal Projects/Tankogeddon/Content/CSC/Textures/T_ACS17_BaseColor.uasset" 796
"D:/Unreal Projects/Tankogeddon/Content/CSC/Textures/T_ACS17_BaseColor.uexp" 797
"D:/Unreal Projects/Tankogeddon/Content/CSC/Textures/T_ACS17_BaseColor.ubulk" 798
"D:/Unreal Projects/Tankogeddon/Content/CSC/Materials/M_CSC.uasset" 799
"D:/Unreal Projects/Tankogeddon/Content/CSC/Materials/M_CSC.uexp" 800
"D:/Unreal Projects/Tankogeddon/Content/StarterContent/Shapes/Shape_QuadPyramid.uasset" 801
"D:/Unreal Projects/Tankogeddon/Content/StarterContent/Shapes/Shape_QuadPyramid.uexp" 802
"D:/Unreal Projects/Tankogeddon/Content/Core/BP_TankFactory.uasset" 803
"D:/Unreal Projects/Tankogeddon/Content/Core/BP_TankFactory.uexp" 804
"D:/Unreal Projects/Tankogeddon/Content/Maps/TestLevel.uexp" 805
"D:/Unreal Projects/Tankogeddon/Content/Maps/TestLevel.umap" 806
"D:/Unreal Projects/Tankogeddon/Content/Maps/TestLevel2.uexp" 807
"D:/Unreal Projects/Tankogeddon/Content/Maps/TestLevel2.umap" 808
"../../../Engine/Content/Maps/Entry_BuiltData.uasset" 809
"../../../Engine/Content/Maps/Entry_BuiltData.uexp" 810
"../../../Engine/Content/Maps/Entry.uexp" 811
"../../../Engine/Content/Maps/Entry.umap" 812
